c:\users\pr\dev\virtual-diagonal\siggui-native\vs2015\siggui-native\release\vc140.pdb
c:\users\pr\dev\virtual-diagonal\siggui-native\vs2015\siggui-native\release\wavefunctions.obj
c:\users\pr\dev\virtual-diagonal\siggui-native\vs2015\siggui-native\release\wavefile.obj
c:\users\pr\dev\virtual-diagonal\siggui-native\vs2015\siggui-native\release\timeseriessink.obj
c:\users\pr\dev\virtual-diagonal\siggui-native\vs2015\siggui-native\release\timeseriesjni.obj
c:\users\pr\dev\virtual-diagonal\siggui-native\vs2015\siggui-native\release\spectrumsink.obj
c:\users\pr\dev\virtual-diagonal\siggui-native\vs2015\siggui-native\release\spectrumjni.obj
c:\users\pr\dev\virtual-diagonal\siggui-native\vs2015\siggui-native\release\fftwindows.obj
c:\users\pr\dev\virtual-diagonal\siggui-native\vs2015\siggui-native\release\fft.obj
c:\users\pr\dev\virtual-diagonal\siggui-native\vs2015\siggui-native\release\wavefileproperties.obj
c:\users\pr\dev\virtual-diagonal\siggui-native\vs2015\siggui-native\release\sampleformat.obj
c:\users\pr\dev\virtual-diagonal\siggui-native\vs2015\siggui-native\release\jniwrapper.obj
c:\users\pr\dev\virtual-diagonal\siggui-native\vs2015\siggui-native\release\sigguinative.obj
c:\users\pr\dev\virtual-diagonal\siggui-native\vs2015\siggui-native\release\filesource.obj
c:\users\pr\dev\virtual-diagonal\siggui-native\vs2015\siggui-native\release\fileinfo.obj
c:\users\pr\dev\virtual-diagonal\siggui-native\vs2015\siggui-native\release\datatypeconverter.obj
c:\users\pr\dev\virtual-diagonal\siggui-native\vs2015\release\siggui-native.dll
c:\users\pr\dev\virtual-diagonal\siggui-native\vs2015\release\siggui-native.pdb
c:\users\pr\dev\virtual-diagonal\siggui-native\vs2015\release\siggui-native.lib
c:\users\pr\dev\virtual-diagonal\siggui-native\vs2015\release\siggui-native.exp
c:\users\pr\dev\virtual-diagonal\siggui-native\vs2015\siggui-native\release\siggui-native.tlog\cl.command.1.tlog
c:\users\pr\dev\virtual-diagonal\siggui-native\vs2015\siggui-native\release\siggui-native.tlog\cl.read.1.tlog
c:\users\pr\dev\virtual-diagonal\siggui-native\vs2015\siggui-native\release\siggui-native.tlog\cl.write.1.tlog
c:\users\pr\dev\virtual-diagonal\siggui-native\vs2015\siggui-native\release\siggui-native.tlog\link.command.1.tlog
c:\users\pr\dev\virtual-diagonal\siggui-native\vs2015\siggui-native\release\siggui-native.tlog\link.read.1.tlog
c:\users\pr\dev\virtual-diagonal\siggui-native\vs2015\siggui-native\release\siggui-native.tlog\link.write.1.tlog
c:\users\pr\dev\virtual-diagonal\siggui-native\vs2015\siggui-native\release\siggui-native.tlog\siggui-native.write.1u.tlog
