c:\users\pr\dev\virtual-diagonal\siggui-native\vs2015\siggui-native\release-x64\vc140.pdb
c:\users\pr\dev\virtual-diagonal\siggui-native\vs2015\siggui-native\release-x64\wavefunctions.obj
c:\users\pr\dev\virtual-diagonal\siggui-native\vs2015\siggui-native\release-x64\wavefile.obj
c:\users\pr\dev\virtual-diagonal\siggui-native\vs2015\siggui-native\release-x64\timeseriessink.obj
c:\users\pr\dev\virtual-diagonal\siggui-native\vs2015\siggui-native\release-x64\timeseriesjni.obj
c:\users\pr\dev\virtual-diagonal\siggui-native\vs2015\siggui-native\release-x64\spectrumsink.obj
c:\users\pr\dev\virtual-diagonal\siggui-native\vs2015\siggui-native\release-x64\spectrumjni.obj
c:\users\pr\dev\virtual-diagonal\siggui-native\vs2015\siggui-native\release-x64\fftwindows.obj
c:\users\pr\dev\virtual-diagonal\siggui-native\vs2015\siggui-native\release-x64\fft.obj
c:\users\pr\dev\virtual-diagonal\siggui-native\vs2015\siggui-native\release-x64\wavefileproperties.obj
c:\users\pr\dev\virtual-diagonal\siggui-native\vs2015\siggui-native\release-x64\sampleformat.obj
c:\users\pr\dev\virtual-diagonal\siggui-native\vs2015\siggui-native\release-x64\jniwrapper.obj
c:\users\pr\dev\virtual-diagonal\siggui-native\vs2015\siggui-native\release-x64\sigguinative.obj
c:\users\pr\dev\virtual-diagonal\siggui-native\vs2015\siggui-native\release-x64\filesource.obj
c:\users\pr\dev\virtual-diagonal\siggui-native\vs2015\siggui-native\release-x64\fileinfo.obj
c:\users\pr\dev\virtual-diagonal\siggui-native\vs2015\siggui-native\release-x64\datatypeconverter.obj
c:\users\pr\dev\virtual-diagonal\siggui-native\vs2015\release-x64\siggui-native.dll
c:\users\pr\dev\virtual-diagonal\siggui-native\vs2015\release-x64\siggui-native.pdb
c:\users\pr\dev\virtual-diagonal\siggui-native\vs2015\release-x64\siggui-native.lib
c:\users\pr\dev\virtual-diagonal\siggui-native\vs2015\release-x64\siggui-native.exp
c:\users\pr\dev\virtual-diagonal\siggui-native\vs2015\siggui-native\release-x64\siggui-native.tlog\cl.command.1.tlog
c:\users\pr\dev\virtual-diagonal\siggui-native\vs2015\siggui-native\release-x64\siggui-native.tlog\cl.read.1.tlog
c:\users\pr\dev\virtual-diagonal\siggui-native\vs2015\siggui-native\release-x64\siggui-native.tlog\cl.write.1.tlog
c:\users\pr\dev\virtual-diagonal\siggui-native\vs2015\siggui-native\release-x64\siggui-native.tlog\link.command.1.tlog
c:\users\pr\dev\virtual-diagonal\siggui-native\vs2015\siggui-native\release-x64\siggui-native.tlog\link.read.1.tlog
c:\users\pr\dev\virtual-diagonal\siggui-native\vs2015\siggui-native\release-x64\siggui-native.tlog\link.write.1.tlog
c:\users\pr\dev\virtual-diagonal\siggui-native\vs2015\siggui-native\release-x64\siggui-native.tlog\siggui-native.write.1u.tlog
