c:\users\pr\dev\virtual-diagonal\siggui-native\vs2015\siggui-native\x64\debug\vc140.pdb
c:\users\pr\dev\virtual-diagonal\siggui-native\vs2015\siggui-native\x64\debug\vc140.idb
c:\users\pr\dev\virtual-diagonal\siggui-native\vs2015\siggui-native\x64\debug\datatypeconverter.obj
c:\users\pr\dev\virtual-diagonal\siggui-native\vs2015\siggui-native\x64\debug\fileinfo.obj
c:\users\pr\dev\virtual-diagonal\siggui-native\vs2015\siggui-native\x64\debug\filesource.obj
c:\users\pr\dev\virtual-diagonal\siggui-native\vs2015\siggui-native\x64\debug\sigguinative.obj
c:\users\pr\dev\virtual-diagonal\siggui-native\vs2015\siggui-native\x64\debug\jniwrapper.obj
c:\users\pr\dev\virtual-diagonal\siggui-native\vs2015\siggui-native\x64\debug\sampleformat.obj
c:\users\pr\dev\virtual-diagonal\siggui-native\vs2015\siggui-native\x64\debug\wavefileproperties.obj
c:\users\pr\dev\virtual-diagonal\siggui-native\vs2015\siggui-native\x64\debug\fft.obj
c:\users\pr\dev\virtual-diagonal\siggui-native\vs2015\siggui-native\x64\debug\fftwindows.obj
c:\users\pr\dev\virtual-diagonal\siggui-native\vs2015\siggui-native\x64\debug\spectrumjni.obj
c:\users\pr\dev\virtual-diagonal\siggui-native\vs2015\siggui-native\x64\debug\spectrumsink.obj
c:\users\pr\dev\virtual-diagonal\siggui-native\vs2015\siggui-native\x64\debug\timeseriesjni.obj
c:\users\pr\dev\virtual-diagonal\siggui-native\vs2015\siggui-native\x64\debug\timeseriessink.obj
c:\users\pr\dev\virtual-diagonal\siggui-native\vs2015\siggui-native\x64\debug\wavefile.obj
c:\users\pr\dev\virtual-diagonal\siggui-native\vs2015\siggui-native\x64\debug\wavefunctions.obj
c:\users\pr\dev\virtual-diagonal\siggui-native\vs2015\x64\debug\siggui-native.dll
c:\users\pr\dev\virtual-diagonal\siggui-native\vs2015\x64\debug\siggui-native.pdb
c:\users\pr\dev\virtual-diagonal\siggui-native\vs2015\x64\debug\siggui-native.lib
c:\users\pr\dev\virtual-diagonal\siggui-native\vs2015\x64\debug\siggui-native.exp
c:\users\pr\dev\virtual-diagonal\siggui-native\vs2015\siggui-native\x64\debug\siggui-native.tlog\cl.command.1.tlog
c:\users\pr\dev\virtual-diagonal\siggui-native\vs2015\siggui-native\x64\debug\siggui-native.tlog\cl.read.1.tlog
c:\users\pr\dev\virtual-diagonal\siggui-native\vs2015\siggui-native\x64\debug\siggui-native.tlog\cl.write.1.tlog
c:\users\pr\dev\virtual-diagonal\siggui-native\vs2015\siggui-native\x64\debug\siggui-native.tlog\link.command.1.tlog
c:\users\pr\dev\virtual-diagonal\siggui-native\vs2015\siggui-native\x64\debug\siggui-native.tlog\link.read.1.tlog
c:\users\pr\dev\virtual-diagonal\siggui-native\vs2015\siggui-native\x64\debug\siggui-native.tlog\link.write.1.tlog
c:\users\pr\dev\virtual-diagonal\siggui-native\vs2015\siggui-native\x64\debug\siggui-native.tlog\siggui-native.write.1u.tlog
