  filesource.cpp
  spectrumjni.cpp
..\..\src\spectrum\spectrumjni.cpp(102): warning C4267: 'argument': conversion from 'size_t' to 'int', possible loss of data
..\..\src\spectrum\spectrumjni.cpp(105): warning C4267: 'argument': conversion from 'size_t' to 'int', possible loss of data
C:\Users\pr\dev\virtual-diagonal\siggui-native\src\jni/jniwrapper.h(43): warning C4267: 'argument': conversion from 'size_t' to 'jsize', possible loss of data
  ..\..\src\spectrum\spectrumjni.cpp(62): note: see reference to function template instantiation 'void setArrayMember<jfloat>(JNIEnv *,jobject,jfieldID,const jtype *,size_t)' being compiled
          with
          [
              jtype=jfloat
          ]
C:\Users\pr\dev\virtual-diagonal\siggui-native\src\jni/jniwrapper.h(45): warning C4267: 'argument': conversion from 'size_t' to 'jsize', possible loss of data
  spectrumsink.cpp
  timeseriesjni.cpp
C:\Users\pr\dev\virtual-diagonal\siggui-native\src\jni/jniwrapper.h(43): warning C4267: 'argument': conversion from 'size_t' to 'jsize', possible loss of data
  ..\..\src\timeseries\timeseriesjni.cpp(71): note: see reference to function template instantiation 'void setArrayMember<float>(JNIEnv *,jobject,jfieldID,const jtype *,size_t)' being compiled
          with
          [
              jtype=float
          ]
C:\Users\pr\dev\virtual-diagonal\siggui-native\src\jni/jniwrapper.h(45): warning C4267: 'argument': conversion from 'size_t' to 'jsize', possible loss of data
  timeseriessink.cpp
     Creating library C:\Users\pr\dev\virtual-diagonal\siggui-native\vs2015\x64\Release-x64\siggui-native.lib and object C:\Users\pr\dev\virtual-diagonal\siggui-native\vs2015\x64\Release-x64\siggui-native.exp
  Generating code
  Finished generating code
  siggui-native.vcxproj -> C:\Users\pr\dev\virtual-diagonal\siggui-native\vs2015\x64\Release-x64\siggui-native.dll
