c:\users\pr\dev\virtual-diagonal\siggui-native\vs2015\siggui-native\release-x86\vc140.pdb
c:\users\pr\dev\virtual-diagonal\siggui-native\vs2015\siggui-native\release-x86\wavefunctions.obj
c:\users\pr\dev\virtual-diagonal\siggui-native\vs2015\siggui-native\release-x86\wavefile.obj
c:\users\pr\dev\virtual-diagonal\siggui-native\vs2015\siggui-native\release-x86\timeseriessink.obj
c:\users\pr\dev\virtual-diagonal\siggui-native\vs2015\siggui-native\release-x86\timeseriesjni.obj
c:\users\pr\dev\virtual-diagonal\siggui-native\vs2015\siggui-native\release-x86\spectrumsink.obj
c:\users\pr\dev\virtual-diagonal\siggui-native\vs2015\siggui-native\release-x86\spectrumjni.obj
c:\users\pr\dev\virtual-diagonal\siggui-native\vs2015\siggui-native\release-x86\fftwindows.obj
c:\users\pr\dev\virtual-diagonal\siggui-native\vs2015\siggui-native\release-x86\fft.obj
c:\users\pr\dev\virtual-diagonal\siggui-native\vs2015\siggui-native\release-x86\wavefileproperties.obj
c:\users\pr\dev\virtual-diagonal\siggui-native\vs2015\siggui-native\release-x86\sampleformat.obj
c:\users\pr\dev\virtual-diagonal\siggui-native\vs2015\siggui-native\release-x86\jniwrapper.obj
c:\users\pr\dev\virtual-diagonal\siggui-native\vs2015\siggui-native\release-x86\sigguinative.obj
c:\users\pr\dev\virtual-diagonal\siggui-native\vs2015\siggui-native\release-x86\fileinfo.obj
c:\users\pr\dev\virtual-diagonal\siggui-native\vs2015\siggui-native\release-x86\datatypeconverter.obj
c:\users\pr\dev\virtual-diagonal\siggui-native\vs2015\siggui-native\release-x86\filesource.obj
c:\users\pr\dev\virtual-diagonal\siggui-native\vs2015\release-x86\siggui-native.dll
c:\users\pr\dev\virtual-diagonal\siggui-native\vs2015\release-x86\siggui-native.pdb
c:\users\pr\dev\virtual-diagonal\siggui-native\vs2015\release-x86\siggui-native.lib
c:\users\pr\dev\virtual-diagonal\siggui-native\vs2015\release-x86\siggui-native.exp
c:\users\pr\dev\virtual-diagonal\siggui-native\vs2015\siggui-native\release-x86\siggui-native.tlog\cl.command.1.tlog
c:\users\pr\dev\virtual-diagonal\siggui-native\vs2015\siggui-native\release-x86\siggui-native.tlog\cl.read.1.tlog
c:\users\pr\dev\virtual-diagonal\siggui-native\vs2015\siggui-native\release-x86\siggui-native.tlog\cl.write.1.tlog
c:\users\pr\dev\virtual-diagonal\siggui-native\vs2015\siggui-native\release-x86\siggui-native.tlog\link.command.1.tlog
c:\users\pr\dev\virtual-diagonal\siggui-native\vs2015\siggui-native\release-x86\siggui-native.tlog\link.read.1.tlog
c:\users\pr\dev\virtual-diagonal\siggui-native\vs2015\siggui-native\release-x86\siggui-native.tlog\link.write.1.tlog
c:\users\pr\dev\virtual-diagonal\siggui-native\vs2015\siggui-native\release-x86\siggui-native.tlog\siggui-native.write.1u.tlog
